<?xml version="1.0" encoding="UTF-8"?>
<testng-results ignored="0" total="1" passed="1" failed="0" skipped="0">
  <reporter-output>
  </reporter-output>
  <suite started-at="2024-02-26T18:27:40 IST" name="Default suite" finished-at="2024-02-26T18:27:58 IST" duration-ms="17873">
    <groups>
    </groups>
    <test started-at="2024-02-26T18:27:40 IST" name="Default test" finished-at="2024-02-26T18:27:58 IST" duration-ms="17873">
      <class name="com.tendable.testcase.TestCase1">
        <test-method is-config="true" signature="setup()[pri:0, instance:com.tendable.testcase.TestCase1@5fe94a96]" started-at="2024-02-26T18:27:40 IST" name="setup" finished-at="2024-02-26T18:27:43 IST" duration-ms="2900" status="PASS">
          <reporter-output>
          </reporter-output>
        </test-method> <!-- setup -->
        <test-method signature="Test1()[pri:0, instance:com.tendable.testcase.TestCase1@5fe94a96]" started-at="2024-02-26T18:27:43 IST" name="Test1" finished-at="2024-02-26T18:27:58 IST" duration-ms="14592" status="PASS">
          <reporter-output>
          </reporter-output>
        </test-method> <!-- Test1 -->
        <test-method is-config="true" signature="teardown()[pri:0, instance:com.tendable.testcase.TestCase1@5fe94a96]" started-at="2024-02-26T18:27:58 IST" name="teardown" finished-at="2024-02-26T18:27:58 IST" duration-ms="316" status="PASS">
          <reporter-output>
          </reporter-output>
        </test-method> <!-- teardown -->
      </class> <!-- com.tendable.testcase.TestCase1 -->
    </test> <!-- Default test -->
  </suite> <!-- Default suite -->
</testng-results>
